[INFO] Scanning for projects...
[INFO] 
[INFO] --------------------< br.com.small:calculator.ocp >---------------------
[INFO] Building calculator.ocp 0.0.1-SNAPSHOT
[INFO]   from pom.xml
[INFO] --------------------------------[ jar ]---------------------------------
[INFO] 
[INFO] --- clean:3.2.0:clean (default-clean) @ calculator.ocp ---
[INFO] Deleting C:\GitHub\calculator.ocp\target
[INFO] 
[INFO] --- resources:3.3.1:resources (default-resources) @ calculator.ocp ---
[INFO] Copying 2 resources from src\main\resources to target\classes
[INFO] 
[INFO] --- quarkus:3.24.3:generate-code (default) @ calculator.ocp ---
[INFO] 
[INFO] --- compiler:3.14.0:compile (default-compile) @ calculator.ocp ---
[INFO] Recompiling the module because of changed source code.
[INFO] Compiling 1 source file with javac [debug parameters release 21] to target\classes
[INFO] 
[INFO] --- quarkus:3.24.3:generate-code-tests (default) @ calculator.ocp ---
[INFO] 
[INFO] --- resources:3.3.1:testResources (default-testResources) @ calculator.ocp ---
[INFO] skip non existing resourceDirectory C:\GitHub\calculator.ocp\src\test\resources
[INFO] 
[INFO] --- compiler:3.14.0:testCompile (default-testCompile) @ calculator.ocp ---
[INFO] Recompiling the module because of changed dependency.
[INFO] Compiling 2 source files with javac [debug parameters release 21] to target\test-classes
[INFO] 
[INFO] --- surefire:3.5.3:test (default-test) @ calculator.ocp ---
[INFO] Using auto detected provider org.apache.maven.surefire.junitplatform.JUnitPlatformProvider
[INFO] 
[INFO] -------------------------------------------------------
[INFO]  T E S T S
[INFO] -------------------------------------------------------
[ERROR] TestEngine with ID 'junit-jupiter' encountered a critical issue during test discovery:

(1) [ERROR] ClassSelector [className = 'br.com.small.GreetingResourceTest', classLoader = null] resolution failed
    Source: ClassSource [className = 'br.com.small.GreetingResourceTest', filePosition = null]
            at br.com.small.GreetingResourceTest.<no-method>(SourceFile:0)
    Cause: org.junit.platform.commons.PreconditionViolationException: Could not load class with name: br.com.small.GreetingResourceTest
	at org.junit.platform.engine.discovery.ClassSelector.lambda$getJavaClass$0(ClassSelector.java:98)
	at org.junit.platform.commons.function.Try$Failure.getOrThrow(Try.java:335)
	at org.junit.platform.engine.discovery.ClassSelector.getJavaClass(ClassSelector.java:97)
	at org.junit.jupiter.engine.discovery.ClassSelectorResolver.resolve(ClassSelectorResolver.java:85)
	at org.junit.platform.engine.support.discovery.EngineDiscoveryRequestResolution.lambda$resolve$2(EngineDiscoveryRequestResolution.java:135)
	at java.base/java.util.stream.ReferencePipeline$3$1.accept(ReferencePipeline.java:197)
	at java.base/java.util.ArrayList$ArrayListSpliterator.tryAdvance(ArrayList.java:1685)
	at java.base/java.util.stream.ReferencePipeline.forEachWithCancel(ReferencePipeline.java:129)
	at java.base/java.util.stream.AbstractPipeline.copyIntoWithCancel(AbstractPipeline.java:527)
	at java.base/java.util.stream.AbstractPipeline.copyInto(AbstractPipeline.java:513)
	at java.base/java.util.stream.AbstractPipeline.wrapAndCopyInto(AbstractPipeline.java:499)
	at java.base/java.util.stream.FindOps$FindOp.evaluateSequential(FindOps.java:150)
	at java.base/java.util.stream.AbstractPipeline.evaluate(AbstractPipeline.java:234)
	at java.base/java.util.stream.ReferencePipeline.findFirst(ReferencePipeline.java:647)
	at org.junit.platform.engine.support.discovery.EngineDiscoveryRequestResolution.resolve(EngineDiscoveryRequestResolution.java:189)
	at org.junit.platform.engine.support.discovery.EngineDiscoveryRequestResolution.resolve(EngineDiscoveryRequestResolution.java:126)
	at org.junit.platform.engine.support.discovery.EngineDiscoveryRequestResolution.resolveCompletely(EngineDiscoveryRequestResolution.java:92)
	at org.junit.platform.engine.support.discovery.EngineDiscoveryRequestResolution.run(EngineDiscoveryRequestResolution.java:83)
	at org.junit.platform.engine.support.discovery.EngineDiscoveryRequestResolver.resolve(EngineDiscoveryRequestResolver.java:148)
	at org.junit.jupiter.engine.discovery.DiscoverySelectorResolver.resolveSelectors(DiscoverySelectorResolver.java:63)
	at org.junit.jupiter.engine.JupiterTestEngine.discover(JupiterTestEngine.java:70)
	at org.junit.platform.launcher.core.EngineDiscoveryOrchestrator.discoverEngineRoot(EngineDiscoveryOrchestrator.java:195)
	at org.junit.platform.launcher.core.EngineDiscoveryOrchestrator.discoverSafely(EngineDiscoveryOrchestrator.java:174)
	at org.junit.platform.launcher.core.EngineDiscoveryOrchestrator.discover(EngineDiscoveryOrchestrator.java:119)
	at org.junit.platform.launcher.core.EngineDiscoveryOrchestrator.discover(EngineDiscoveryOrchestrator.java:84)
	at org.junit.platform.launcher.core.DefaultLauncher.discover(DefaultLauncher.java:104)
	at org.junit.platform.launcher.core.DefaultLauncher.discover(DefaultLauncher.java:83)
	at org.junit.platform.launcher.core.DelegatingLauncher.discover(DelegatingLauncher.java:42)
	at org.junit.platform.launcher.core.InterceptingLauncher.lambda$discover$0(InterceptingLauncher.java:33)
	at org.junit.platform.launcher.core.ClasspathAlignmentCheckingLauncherInterceptor.intercept(ClasspathAlignmentCheckingLauncherInterceptor.java:25)
	at org.junit.platform.launcher.core.InterceptingLauncher.discover(InterceptingLauncher.java:33)
	at org.junit.platform.launcher.core.DelegatingLauncher.discover(DelegatingLauncher.java:42)
	at org.apache.maven.surefire.junitplatform.LazyLauncher.discover(LazyLauncher.java:50)
	at org.apache.maven.surefire.junitplatform.TestPlanScannerFilter.accept(TestPlanScannerFilter.java:52)
	at org.apache.maven.surefire.api.util.DefaultScanResult.applyFilter(DefaultScanResult.java:87)
	at org.apache.maven.surefire.junitplatform.JUnitPlatformProvider.scanClasspath(JUnitPlatformProvider.java:144)
	at org.apache.maven.surefire.junitplatform.JUnitPlatformProvider.invoke(JUnitPlatformProvider.java:124)
	at org.apache.maven.surefire.booter.ForkedBooter.runSuitesInProcess(ForkedBooter.java:385)
	at org.apache.maven.surefire.booter.ForkedBooter.execute(ForkedBooter.java:162)
	at org.apache.maven.surefire.booter.ForkedBooter.run(ForkedBooter.java:507)
	at org.apache.maven.surefire.booter.ForkedBooter.main(ForkedBooter.java:495)
Caused by: io.smallrye.config.ConfigValidationException: Configuration validation failed:
	java.lang.IllegalArgumentException: SRCFG00039: The config property quarkus.package.jar.type with the config value "jar" threw an Exception whilst being converted SRCFG00049: Cannot convert jar to enum class io.quarkus.deployment.pkg.PackageConfig$JarConfig$JarType, allowed values: fast-jar,legacy-jar,uber-jar,mutable-jar
	at io.smallrye.config.SmallRyeConfig.buildMappings(SmallRyeConfig.java:136)
	at io.smallrye.config.SmallRyeConfig.<init>(SmallRyeConfig.java:90)
	at io.smallrye.config.SmallRyeConfigBuilder.build(SmallRyeConfigBuilder.java:772)
	at io.quarkus.deployment.configuration.BuildTimeConfigurationReader.initConfiguration(BuildTimeConfigurationReader.java:428)
	at io.quarkus.deployment.ExtensionLoader.loadStepsFrom(ExtensionLoader.java:141)
	at io.quarkus.deployment.QuarkusAugmentor.run(QuarkusAugmentor.java:107)
	at io.quarkus.runner.bootstrap.AugmentActionImpl.runAugment(AugmentActionImpl.java:368)
	at io.quarkus.runner.bootstrap.AugmentActionImpl.createInitialRuntimeApplication(AugmentActionImpl.java:289)
	at io.quarkus.runner.bootstrap.AugmentActionImpl.createInitialRuntimeApplication(AugmentActionImpl.java:61)
	at io.quarkus.test.junit.AppMakerHelper.getStartupAction(AppMakerHelper.java:253)
	at io.quarkus.test.junit.classloading.FacadeClassLoader.getOrCreateRuntimeClassLoader(FacadeClassLoader.java:556)
	at io.quarkus.test.junit.classloading.FacadeClassLoader.getQuarkusClassLoader(FacadeClassLoader.java:453)
	at io.quarkus.test.junit.classloading.FacadeClassLoader.loadClass(FacadeClassLoader.java:328)
	at java.base/java.lang.Class.forName0(Native Method)
	at java.base/java.lang.Class.forName(Class.java:534)
	at java.base/java.lang.Class.forName(Class.java:513)
	at org.junit.platform.commons.util.ReflectionUtils.lambda$tryToLoadClass$10(ReflectionUtils.java:886)
	at org.junit.platform.commons.function.Try.lambda$call$0(Try.java:57)
	at org.junit.platform.commons.function.Try.of(Try.java:93)
	at org.junit.platform.commons.function.Try.call(Try.java:57)
	at org.junit.platform.commons.util.ReflectionUtils.tryToLoadClass(ReflectionUtils.java:873)
	at org.junit.platform.commons.util.ReflectionUtils.tryToLoadClass(ReflectionUtils.java:810)
	at org.junit.platform.commons.support.ReflectionSupport.tryToLoadClass(ReflectionSupport.java:95)
	at org.junit.platform.engine.discovery.ClassSelector.getJavaClass(ClassSelector.java:95)
	... 38 more
[INFO] 
[INFO] Results:
[INFO] 
[INFO] Tests run: 0, Failures: 0, Errors: 0, Skipped: 0
[INFO] 
[INFO] ------------------------------------------------------------------------
[INFO] BUILD FAILURE
[INFO] ------------------------------------------------------------------------
[INFO] Total time:  10.445 s
[INFO] Finished at: 2025-07-13T12:19:27-03:00
[INFO] ------------------------------------------------------------------------
[ERROR] Failed to execute goal org.apache.maven.plugins:maven-surefire-plugin:3.5.3:test (default-test) on project calculator.ocp: 
[ERROR] 
[ERROR] See C:\GitHub\calculator.ocp\target\surefire-reports for the individual test results.
[ERROR] See dump files (if any exist) [date].dump, [date]-jvmRun[N].dump and [date].dumpstream.
[ERROR] There was an error in the forked process
[ERROR] TestEngine with ID 'junit-jupiter' encountered a critical issue during test discovery:
[ERROR] 
[ERROR] (1) [ERROR] ClassSelector [className = 'br.com.small.GreetingResourceTest', classLoader = null] resolution failed
[ERROR]     Source: ClassSource [className = 'br.com.small.GreetingResourceTest', filePosition = null]
[ERROR]             at br.com.small.GreetingResourceTest.<no-method>(SourceFile:0)
[ERROR]     Cause: org.junit.platform.commons.PreconditionViolationException: Could not load class with name: br.com.small.GreetingResourceTest
[ERROR] 	at org.junit.platform.engine.discovery.ClassSelector.lambda$getJavaClass$0(ClassSelector.java:98)
[ERROR] 	at org.junit.platform.commons.function.Try$Failure.getOrThrow(Try.java:335)
[ERROR] 	at org.junit.platform.engine.discovery.ClassSelector.getJavaClass(ClassSelector.java:97)
[ERROR] 	at org.junit.jupiter.engine.discovery.ClassSelectorResolver.resolve(ClassSelectorResolver.java:85)
[ERROR] 	at org.junit.platform.engine.support.discovery.EngineDiscoveryRequestResolution.lambda$resolve$2(EngineDiscoveryRequestResolution.java:135)
[ERROR] 	at java.base/java.util.stream.ReferencePipeline$3$1.accept(ReferencePipeline.java:197)
[ERROR] 	at java.base/java.util.ArrayList$ArrayListSpliterator.tryAdvance(ArrayList.java:1685)
[ERROR] 	at java.base/java.util.stream.ReferencePipeline.forEachWithCancel(ReferencePipeline.java:129)
[ERROR] 	at java.base/java.util.stream.AbstractPipeline.copyIntoWithCancel(AbstractPipeline.java:527)
[ERROR] 	at java.base/java.util.stream.AbstractPipeline.copyInto(AbstractPipeline.java:513)
[ERROR] 	at java.base/java.util.stream.AbstractPipeline.wrapAndCopyInto(AbstractPipeline.java:499)
[ERROR] 	at java.base/java.util.stream.FindOps$FindOp.evaluateSequential(FindOps.java:150)
[ERROR] 	at java.base/java.util.stream.AbstractPipeline.evaluate(AbstractPipeline.java:234)
[ERROR] 	at java.base/java.util.stream.ReferencePipeline.findFirst(ReferencePipeline.java:647)
[ERROR] 	at org.junit.platform.engine.support.discovery.EngineDiscoveryRequestResolution.resolve(EngineDiscoveryRequestResolution.java:189)
[ERROR] 	at org.junit.platform.engine.support.discovery.EngineDiscoveryRequestResolution.resolve(EngineDiscoveryRequestResolution.java:126)
[ERROR] 	at org.junit.platform.engine.support.discovery.EngineDiscoveryRequestResolution.resolveCompletely(EngineDiscoveryRequestResolution.java:92)
[ERROR] 	at org.junit.platform.engine.support.discovery.EngineDiscoveryRequestResolution.run(EngineDiscoveryRequestResolution.java:83)
[ERROR] 	at org.junit.platform.engine.support.discovery.EngineDiscoveryRequestResolver.resolve(EngineDiscoveryRequestResolver.java:148)
[ERROR] 	at org.junit.jupiter.engine.discovery.DiscoverySelectorResolver.resolveSelectors(DiscoverySelectorResolver.java:63)
[ERROR] 	at org.junit.jupiter.engine.JupiterTestEngine.discover(JupiterTestEngine.java:70)
[ERROR] 	at org.junit.platform.launcher.core.EngineDiscoveryOrchestrator.discoverEngineRoot(EngineDiscoveryOrchestrator.java:195)
[ERROR] 	at org.junit.platform.launcher.core.EngineDiscoveryOrchestrator.discoverSafely(EngineDiscoveryOrchestrator.java:174)
[ERROR] 	at org.junit.platform.launcher.core.EngineDiscoveryOrchestrator.discover(EngineDiscoveryOrchestrator.java:119)
[ERROR] 	at org.junit.platform.launcher.core.EngineDiscoveryOrchestrator.discover(EngineDiscoveryOrchestrator.java:84)
[ERROR] 	at org.junit.platform.launcher.core.DefaultLauncher.discover(DefaultLauncher.java:104)
[ERROR] 	at org.junit.platform.launcher.core.DefaultLauncher.discover(DefaultLauncher.java:83)
[ERROR] 	at org.junit.platform.launcher.core.DelegatingLauncher.discover(DelegatingLauncher.java:42)
[ERROR] 	at org.junit.platform.launcher.core.InterceptingLauncher.lambda$discover$0(InterceptingLauncher.java:33)
[ERROR] 	at org.junit.platform.launcher.core.ClasspathAlignmentCheckingLauncherInterceptor.intercept(ClasspathAlignmentCheckingLauncherInterceptor.java:25)
[ERROR] 	at org.junit.platform.launcher.core.InterceptingLauncher.discover(InterceptingLauncher.java:33)
[ERROR] 	at org.junit.platform.launcher.core.DelegatingLauncher.discover(DelegatingLauncher.java:42)
[ERROR] 	at org.apache.maven.surefire.junitplatform.LazyLauncher.discover(LazyLauncher.java:50)
[ERROR] 	at org.apache.maven.surefire.junitplatform.TestPlanScannerFilter.accept(TestPlanScannerFilter.java:52)
[ERROR] 	at org.apache.maven.surefire.api.util.DefaultScanResult.applyFilter(DefaultScanResult.java:87)
[ERROR] 	at org.apache.maven.surefire.junitplatform.JUnitPlatformProvider.scanClasspath(JUnitPlatformProvider.java:144)
[ERROR] 	at org.apache.maven.surefire.junitplatform.JUnitPlatformProvider.invoke(JUnitPlatformProvider.java:124)
[ERROR] 	at org.apache.maven.surefire.booter.ForkedBooter.runSuitesInProcess(ForkedBooter.java:385)
[ERROR] 	at org.apache.maven.surefire.booter.ForkedBooter.execute(ForkedBooter.java:162)
[ERROR] 	at org.apache.maven.surefire.booter.ForkedBooter.run(ForkedBooter.java:507)
[ERROR] 	at org.apache.maven.surefire.booter.ForkedBooter.main(ForkedBooter.java:495)
[ERROR] Caused by: io.smallrye.config.ConfigValidationException: Configuration validation failed:
[ERROR] 	java.lang.IllegalArgumentException: SRCFG00039: The config property quarkus.package.jar.type with the config value "jar" threw an Exception whilst being converted SRCFG00049: Cannot convert jar to enum class io.quarkus.deployment.pkg.PackageConfig$JarConfig$JarType, allowed values: fast-jar,legacy-jar,uber-jar,mutable-jar
[ERROR] 	at io.smallrye.config.SmallRyeConfig.buildMappings(SmallRyeConfig.java:136)
[ERROR] 	at io.smallrye.config.SmallRyeConfig.<init>(SmallRyeConfig.java:90)
[ERROR] 	at io.smallrye.config.SmallRyeConfigBuilder.build(SmallRyeConfigBuilder.java:772)
[ERROR] 	at io.quarkus.deployment.configuration.BuildTimeConfigurationReader.initConfiguration(BuildTimeConfigurationReader.java:428)
[ERROR] 	at io.quarkus.deployment.ExtensionLoader.loadStepsFrom(ExtensionLoader.java:141)
[ERROR] 	at io.quarkus.deployment.QuarkusAugmentor.run(QuarkusAugmentor.java:107)
[ERROR] 	at io.quarkus.runner.bootstrap.AugmentActionImpl.runAugment(AugmentActionImpl.java:368)
[ERROR] 	at io.quarkus.runner.bootstrap.AugmentActionImpl.createInitialRuntimeApplication(AugmentActionImpl.java:289)
[ERROR] 	at io.quarkus.runner.bootstrap.AugmentActionImpl.createInitialRuntimeApplication(AugmentActionImpl.java:61)
[ERROR] 	at io.quarkus.test.junit.AppMakerHelper.getStartupAction(AppMakerHelper.java:253)
[ERROR] 	at io.quarkus.test.junit.classloading.FacadeClassLoader.getOrCreateRuntimeClassLoader(FacadeClassLoader.java:556)
[ERROR] 	at io.quarkus.test.junit.classloading.FacadeClassLoader.getQuarkusClassLoader(FacadeClassLoader.java:453)
[ERROR] 	at io.quarkus.test.junit.classloading.FacadeClassLoader.loadClass(FacadeClassLoader.java:328)
[ERROR] 	at java.base/java.lang.Class.forName0(Native Method)
[ERROR] 	at java.base/java.lang.Class.forName(Class.java:534)
[ERROR] 	at java.base/java.lang.Class.forName(Class.java:513)
[ERROR] 	at org.junit.platform.commons.util.ReflectionUtils.lambda$tryToLoadClass$10(ReflectionUtils.java:886)
[ERROR] 	at org.junit.platform.commons.function.Try.lambda$call$0(Try.java:57)
[ERROR] 	at org.junit.platform.commons.function.Try.of(Try.java:93)
[ERROR] 	at org.junit.platform.commons.function.Try.call(Try.java:57)
[ERROR] 	at org.junit.platform.commons.util.ReflectionUtils.tryToLoadClass(ReflectionUtils.java:873)
[ERROR] 	at org.junit.platform.commons.util.ReflectionUtils.tryToLoadClass(ReflectionUtils.java:810)
[ERROR] 	at org.junit.platform.commons.support.ReflectionSupport.tryToLoadClass(ReflectionSupport.java:95)
[ERROR] 	at org.junit.platform.engine.discovery.ClassSelector.getJavaClass(ClassSelector.java:95)
[ERROR] 	... 38 more
[ERROR] 
[ERROR] org.apache.maven.surefire.booter.SurefireBooterForkException: There was an error in the forked process
[ERROR] TestEngine with ID 'junit-jupiter' encountered a critical issue during test discovery:
[ERROR] 
[ERROR] (1) [ERROR] ClassSelector [className = 'br.com.small.GreetingResourceTest', classLoader = null] resolution failed
[ERROR]     Source: ClassSource [className = 'br.com.small.GreetingResourceTest', filePosition = null]
[ERROR]             at br.com.small.GreetingResourceTest.<no-method>(SourceFile:0)
[ERROR]     Cause: org.junit.platform.commons.PreconditionViolationException: Could not load class with name: br.com.small.GreetingResourceTest
[ERROR] 	at org.junit.platform.engine.discovery.ClassSelector.lambda$getJavaClass$0(ClassSelector.java:98)
[ERROR] 	at org.junit.platform.commons.function.Try$Failure.getOrThrow(Try.java:335)
[ERROR] 	at org.junit.platform.engine.discovery.ClassSelector.getJavaClass(ClassSelector.java:97)
[ERROR] 	at org.junit.jupiter.engine.discovery.ClassSelectorResolver.resolve(ClassSelectorResolver.java:85)
[ERROR] 	at org.junit.platform.engine.support.discovery.EngineDiscoveryRequestResolution.lambda$resolve$2(EngineDiscoveryRequestResolution.java:135)
[ERROR] 	at java.base/java.util.stream.ReferencePipeline$3$1.accept(ReferencePipeline.java:197)
[ERROR] 	at java.base/java.util.ArrayList$ArrayListSpliterator.tryAdvance(ArrayList.java:1685)
[ERROR] 	at java.base/java.util.stream.ReferencePipeline.forEachWithCancel(ReferencePipeline.java:129)
[ERROR] 	at java.base/java.util.stream.AbstractPipeline.copyIntoWithCancel(AbstractPipeline.java:527)
[ERROR] 	at java.base/java.util.stream.AbstractPipeline.copyInto(AbstractPipeline.java:513)
[ERROR] 	at java.base/java.util.stream.AbstractPipeline.wrapAndCopyInto(AbstractPipeline.java:499)
[ERROR] 	at java.base/java.util.stream.FindOps$FindOp.evaluateSequential(FindOps.java:150)
[ERROR] 	at java.base/java.util.stream.AbstractPipeline.evaluate(AbstractPipeline.java:234)
[ERROR] 	at java.base/java.util.stream.ReferencePipeline.findFirst(ReferencePipeline.java:647)
[ERROR] 	at org.junit.platform.engine.support.discovery.EngineDiscoveryRequestResolution.resolve(EngineDiscoveryRequestResolution.java:189)
[ERROR] 	at org.junit.platform.engine.support.discovery.EngineDiscoveryRequestResolution.resolve(EngineDiscoveryRequestResolution.java:126)
[ERROR] 	at org.junit.platform.engine.support.discovery.EngineDiscoveryRequestResolution.resolveCompletely(EngineDiscoveryRequestResolution.java:92)
[ERROR] 	at org.junit.platform.engine.support.discovery.EngineDiscoveryRequestResolution.run(EngineDiscoveryRequestResolution.java:83)
[ERROR] 	at org.junit.platform.engine.support.discovery.EngineDiscoveryRequestResolver.resolve(EngineDiscoveryRequestResolver.java:148)
[ERROR] 	at org.junit.jupiter.engine.discovery.DiscoverySelectorResolver.resolveSelectors(DiscoverySelectorResolver.java:63)
[ERROR] 	at org.junit.jupiter.engine.JupiterTestEngine.discover(JupiterTestEngine.java:70)
[ERROR] 	at org.junit.platform.launcher.core.EngineDiscoveryOrchestrator.discoverEngineRoot(EngineDiscoveryOrchestrator.java:195)
[ERROR] 	at org.junit.platform.launcher.core.EngineDiscoveryOrchestrator.discoverSafely(EngineDiscoveryOrchestrator.java:174)
[ERROR] 	at org.junit.platform.launcher.core.EngineDiscoveryOrchestrator.discover(EngineDiscoveryOrchestrator.java:119)
[ERROR] 	at org.junit.platform.launcher.core.EngineDiscoveryOrchestrator.discover(EngineDiscoveryOrchestrator.java:84)
[ERROR] 	at org.junit.platform.launcher.core.DefaultLauncher.discover(DefaultLauncher.java:104)
[ERROR] 	at org.junit.platform.launcher.core.DefaultLauncher.discover(DefaultLauncher.java:83)
[ERROR] 	at org.junit.platform.launcher.core.DelegatingLauncher.discover(DelegatingLauncher.java:42)
[ERROR] 	at org.junit.platform.launcher.core.InterceptingLauncher.lambda$discover$0(InterceptingLauncher.java:33)
[ERROR] 	at org.junit.platform.launcher.core.ClasspathAlignmentCheckingLauncherInterceptor.intercept(ClasspathAlignmentCheckingLauncherInterceptor.java:25)
[ERROR] 	at org.junit.platform.launcher.core.InterceptingLauncher.discover(InterceptingLauncher.java:33)
[ERROR] 	at org.junit.platform.launcher.core.DelegatingLauncher.discover(DelegatingLauncher.java:42)
[ERROR] 	at org.apache.maven.surefire.junitplatform.LazyLauncher.discover(LazyLauncher.java:50)
[ERROR] 	at org.apache.maven.surefire.junitplatform.TestPlanScannerFilter.accept(TestPlanScannerFilter.java:52)
[ERROR] 	at org.apache.maven.surefire.api.util.DefaultScanResult.applyFilter(DefaultScanResult.java:87)
[ERROR] 	at org.apache.maven.surefire.junitplatform.JUnitPlatformProvider.scanClasspath(JUnitPlatformProvider.java:144)
[ERROR] 	at org.apache.maven.surefire.junitplatform.JUnitPlatformProvider.invoke(JUnitPlatformProvider.java:124)
[ERROR] 	at org.apache.maven.surefire.booter.ForkedBooter.runSuitesInProcess(ForkedBooter.java:385)
[ERROR] 	at org.apache.maven.surefire.booter.ForkedBooter.execute(ForkedBooter.java:162)
[ERROR] 	at org.apache.maven.surefire.booter.ForkedBooter.run(ForkedBooter.java:507)
[ERROR] 	at org.apache.maven.surefire.booter.ForkedBooter.main(ForkedBooter.java:495)
[ERROR] Caused by: io.smallrye.config.ConfigValidationException: Configuration validation failed:
[ERROR] 	java.lang.IllegalArgumentException: SRCFG00039: The config property quarkus.package.jar.type with the config value "jar" threw an Exception whilst being converted SRCFG00049: Cannot convert jar to enum class io.quarkus.deployment.pkg.PackageConfig$JarConfig$JarType, allowed values: fast-jar,legacy-jar,uber-jar,mutable-jar
[ERROR] 	at io.smallrye.config.SmallRyeConfig.buildMappings(SmallRyeConfig.java:136)
[ERROR] 	at io.smallrye.config.SmallRyeConfig.<init>(SmallRyeConfig.java:90)
[ERROR] 	at io.smallrye.config.SmallRyeConfigBuilder.build(SmallRyeConfigBuilder.java:772)
[ERROR] 	at io.quarkus.deployment.configuration.BuildTimeConfigurationReader.initConfiguration(BuildTimeConfigurationReader.java:428)
[ERROR] 	at io.quarkus.deployment.ExtensionLoader.loadStepsFrom(ExtensionLoader.java:141)
[ERROR] 	at io.quarkus.deployment.QuarkusAugmentor.run(QuarkusAugmentor.java:107)
[ERROR] 	at io.quarkus.runner.bootstrap.AugmentActionImpl.runAugment(AugmentActionImpl.java:368)
[ERROR] 	at io.quarkus.runner.bootstrap.AugmentActionImpl.createInitialRuntimeApplication(AugmentActionImpl.java:289)
[ERROR] 	at io.quarkus.runner.bootstrap.AugmentActionImpl.createInitialRuntimeApplication(AugmentActionImpl.java:61)
[ERROR] 	at io.quarkus.test.junit.AppMakerHelper.getStartupAction(AppMakerHelper.java:253)
[ERROR] 	at io.quarkus.test.junit.classloading.FacadeClassLoader.getOrCreateRuntimeClassLoader(FacadeClassLoader.java:556)
[ERROR] 	at io.quarkus.test.junit.classloading.FacadeClassLoader.getQuarkusClassLoader(FacadeClassLoader.java:453)
[ERROR] 	at io.quarkus.test.junit.classloading.FacadeClassLoader.loadClass(FacadeClassLoader.java:328)
[ERROR] 	at java.base/java.lang.Class.forName0(Native Method)
[ERROR] 	at java.base/java.lang.Class.forName(Class.java:534)
[ERROR] 	at java.base/java.lang.Class.forName(Class.java:513)
[ERROR] 	at org.junit.platform.commons.util.ReflectionUtils.lambda$tryToLoadClass$10(ReflectionUtils.java:886)
[ERROR] 	at org.junit.platform.commons.function.Try.lambda$call$0(Try.java:57)
[ERROR] 	at org.junit.platform.commons.function.Try.of(Try.java:93)
[ERROR] 	at org.junit.platform.commons.function.Try.call(Try.java:57)
[ERROR] 	at org.junit.platform.commons.util.ReflectionUtils.tryToLoadClass(ReflectionUtils.java:873)
[ERROR] 	at org.junit.platform.commons.util.ReflectionUtils.tryToLoadClass(ReflectionUtils.java:810)
[ERROR] 	at org.junit.platform.commons.support.ReflectionSupport.tryToLoadClass(ReflectionSupport.java:95)
[ERROR] 	at org.junit.platform.engine.discovery.ClassSelector.getJavaClass(ClassSelector.java:95)
[ERROR] 	... 38 more
[ERROR] 
[ERROR] 	at org.apache.maven.plugin.surefire.booterclient.ForkStarter.fork(ForkStarter.java:628)
[ERROR] 	at org.apache.maven.plugin.surefire.booterclient.ForkStarter.run(ForkStarter.java:285)
[ERROR] 	at org.apache.maven.plugin.surefire.booterclient.ForkStarter.run(ForkStarter.java:250)
[ERROR] 	at org.apache.maven.plugin.surefire.AbstractSurefireMojo.executeProvider(AbstractSurefireMojo.java:1337)
[ERROR] 	at org.apache.maven.plugin.surefire.AbstractSurefireMojo.executeAfterPreconditionsChecked(AbstractSurefireMojo.java:1135)
[ERROR] 	at org.apache.maven.plugin.surefire.AbstractSurefireMojo.execute(AbstractSurefireMojo.java:969)
[ERROR] 	at org.apache.maven.plugin.DefaultBuildPluginManager.executeMojo(DefaultBuildPluginManager.java:126)
[ERROR] 	at org.apache.maven.lifecycle.internal.MojoExecutor.doExecute2(MojoExecutor.java:328)
[ERROR] 	at org.apache.maven.lifecycle.internal.MojoExecutor.doExecute(MojoExecutor.java:316)
[ERROR] 	at org.apache.maven.lifecycle.internal.MojoExecutor.execute(MojoExecutor.java:212)
[ERROR] 	at org.apache.maven.lifecycle.internal.MojoExecutor.execute(MojoExecutor.java:174)
[ERROR] 	at org.apache.maven.lifecycle.internal.MojoExecutor.access$000(MojoExecutor.java:75)
[ERROR] 	at org.apache.maven.lifecycle.internal.MojoExecutor$1.run(MojoExecutor.java:162)
[ERROR] 	at org.apache.maven.plugin.DefaultMojosExecutionStrategy.execute(DefaultMojosExecutionStrategy.java:39)
[ERROR] 	at org.apache.maven.lifecycle.internal.MojoExecutor.execute(MojoExecutor.java:159)
[ERROR] 	at org.apache.maven.lifecycle.internal.LifecycleModuleBuilder.buildProject(LifecycleModuleBuilder.java:105)
[ERROR] 	at org.apache.maven.lifecycle.internal.LifecycleModuleBuilder.buildProject(LifecycleModuleBuilder.java:73)
[ERROR] 	at org.apache.maven.lifecycle.internal.builder.singlethreaded.SingleThreadedBuilder.build(SingleThreadedBuilder.java:53)
[ERROR] 	at org.apache.maven.lifecycle.internal.LifecycleStarter.execute(LifecycleStarter.java:118)
[ERROR] 	at org.apache.maven.DefaultMaven.doExecute(DefaultMaven.java:261)
[ERROR] 	at org.apache.maven.DefaultMaven.doExecute(DefaultMaven.java:173)
[ERROR] 	at org.apache.maven.DefaultMaven.execute(DefaultMaven.java:101)
[ERROR] 	at org.apache.maven.cli.MavenCli.execute(MavenCli.java:906)
[ERROR] 	at org.apache.maven.cli.MavenCli.doMain(MavenCli.java:283)
[ERROR] 	at org.apache.maven.cli.MavenCli.main(MavenCli.java:206)
[ERROR] 	at java.base/jdk.internal.reflect.DirectMethodHandleAccessor.invoke(DirectMethodHandleAccessor.java:103)
[ERROR] 	at java.base/java.lang.reflect.Method.invoke(Method.java:580)
[ERROR] 	at org.codehaus.plexus.classworlds.launcher.Launcher.launchEnhanced(Launcher.java:255)
[ERROR] 	at org.codehaus.plexus.classworlds.launcher.Launcher.launch(Launcher.java:201)
[ERROR] 	at org.codehaus.plexus.classworlds.launcher.Launcher.mainWithExitCode(Launcher.java:361)
[ERROR] 	at org.codehaus.plexus.classworlds.launcher.Launcher.main(Launcher.java:314)
[ERROR] 	at java.base/jdk.internal.reflect.DirectMethodHandleAccessor.invoke(DirectMethodHandleAccessor.java:103)
[ERROR] 	at java.base/java.lang.reflect.Method.invoke(Method.java:580)
[ERROR] 	at org.apache.maven.wrapper.BootstrapMainStarter.start(BootstrapMainStarter.java:52)
[ERROR] 	at org.apache.maven.wrapper.WrapperExecutor.execute(WrapperExecutor.java:161)
[ERROR] 	at org.apache.maven.wrapper.MavenWrapperMain.main(MavenWrapperMain.java:73)
[ERROR] 
[ERROR] -> [Help 1]
[ERROR] 
[ERROR] To see the full stack trace of the errors, re-run Maven with the -e switch.
[ERROR] Re-run Maven using the -X switch to enable full debug logging.
[ERROR] 
[ERROR] For more information about the errors and possible solutions, please read the following articles:
[ERROR] [Help 1] http://cwiki.apache.org/confluence/display/MAVEN/MojoExecutionException
